2012-06-15 13:16:31,924 - parser.DateParser - DEBUG - group 4:20
2012-06-15 13:23:01,568 - parser.Parser - DEBUG - task details: play on tuesday from at
2012-06-15 13:23:01,579 - parser.Parser - DEBUG - startdate: 1331625600000
2012-06-15 13:23:01,580 - parser.Parser - DEBUG - enddate: 1331629200000
2012-06-15 13:23:42,365 - parser.Parser - DEBUG - task details: play on tuesday
2012-06-15 13:23:42,629 - parser.Parser - DEBUG - startdate: 1331625600000
2012-06-15 13:23:42,630 - parser.Parser - DEBUG - enddate: 5:00 PM 13 Mar 2012
2012-06-15 13:23:59,587 - parser.Parser - DEBUG - task details: play on tuesday
2012-06-15 13:23:59,601 - parser.Parser - DEBUG - startdate: 4:00 PM 13 Mar 2012
2012-06-15 13:23:59,602 - parser.Parser - DEBUG - enddate: 5:00 PM 13 Mar 2012
2012-06-15 13:25:52,585 - parser.Parser - DEBUG - task details: play on tuesday
2012-06-15 13:25:52,598 - parser.Parser - DEBUG - startdate: 4:00 PM 13 Mar 2012
2012-06-15 13:25:52,599 - parser.Parser - DEBUG - enddate: 5:00 PM 13 Mar 2012
2012-06-15 13:26:03,985 - parser.Parser - DEBUG - task details: play on tuesday
2012-06-15 13:26:04,001 - parser.Parser - DEBUG - startdate: 4:00 PM 13 Mar 2012
2012-06-15 13:26:04,003 - parser.Parser - DEBUG - enddate: 5:00 PM 13 Mar 2012
2012-06-15 13:49:37,324 - parser.Parser - DEBUG - task details: play on 'afdfd' tuesday 'vsds '
2012-06-15 13:49:37,383 - parser.Parser - DEBUG - startdate: 4:00 PM 13 Mar 2012
2012-06-15 13:49:37,384 - parser.Parser - DEBUG - enddate: 5:00 PM 13 Mar 2012
2012-06-15 13:53:01,241 - parser.Parser - DEBUG - task details: play on &%%%%%& tuesday &%%%%%&
2012-06-15 13:53:01,246 - parser.Parser - DEBUG - startdate: 4:00 PM 13 Mar 2012
2012-06-15 13:53:01,247 - parser.Parser - DEBUG - enddate: 5:00 PM 13 Mar 2012
2012-06-15 13:53:32,252 - parser.Parser - DEBUG - task details: play on 'afdfd' tuesday 'vsds '
2012-06-15 13:53:32,259 - parser.Parser - DEBUG - startdate: 4:00 PM 13 Mar 2012
2012-06-15 13:53:32,259 - parser.Parser - DEBUG - enddate: 5:00 PM 13 Mar 2012
2012-06-15 13:55:54,345 - parser.Parser - DEBUG - task details: play on 'afdfd' tuesday 'vsds '
2012-06-15 13:55:54,353 - parser.Parser - DEBUG - startdate: 4:00 PM 13 Mar 2012
2012-06-15 13:55:54,354 - parser.Parser - DEBUG - enddate: 5:00 PM 13 Mar 2012
2012-06-15 13:56:14,806 - parser.Parser - DEBUG - task details: play on 'afdfd' tuesday 'vsds '
2012-06-15 13:56:14,811 - parser.Parser - DEBUG - startdate: 4:00 PM 13 Mar 2012
2012-06-15 13:56:14,811 - parser.Parser - DEBUG - enddate: 5:00 PM 13 Mar 2012
2012-06-15 13:57:18,993 - parser.Parser - DEBUG - task details: play on 'afdfd' tuesday 'vsds '
2012-06-15 13:57:19,004 - parser.Parser - DEBUG - startdate: 4:00 PM 13 Mar 2012
2012-06-15 13:57:19,005 - parser.Parser - DEBUG - enddate: 5:00 PM 13 Mar 2012
2012-06-15 13:57:36,555 - parser.Parser - DEBUG - task details: play on afdfd tuesday vsds
2012-06-15 13:57:36,561 - parser.Parser - DEBUG - startdate: 4:00 PM 13 Mar 2012
2012-06-15 13:57:36,562 - parser.Parser - DEBUG - enddate: 5:00 PM 13 Mar 2012
2012-06-15 13:57:46,997 - parser.Parser - DEBUG - task details: play on afdf tuesday vsds
2012-06-15 13:57:46,997 - parser.Parser - DEBUG - startdate: 4:00 PM 13 Mar 2012
2012-06-15 13:57:46,997 - parser.Parser - DEBUG - enddate: 5:00 PM 13 Mar 2012
2012-06-15 13:57:51,495 - parser.Parser - DEBUG - task details: play on afd tuesday vsd
2012-06-15 13:57:51,503 - parser.Parser - DEBUG - startdate: 4:00 PM 13 Mar 2012
2012-06-15 13:57:51,503 - parser.Parser - DEBUG - enddate: 5:00 PM 13 Mar 2012
2012-06-15 13:57:55,971 - parser.Parser - DEBUG - task details: play on afdfd tuesday vsds
2012-06-15 13:57:55,976 - parser.Parser - DEBUG - startdate: 4:00 PM 13 Mar 2012
2012-06-15 13:57:55,976 - parser.Parser - DEBUG - enddate: 5:00 PM 13 Mar 2012
2012-06-15 14:15:09,003 - parser.Parser - DEBUG - current dont parse string extracted: 'afdfd'
2012-06-15 14:15:09,003 - parser.Parser - DEBUG - current temp replacement string: &%%%%%&
2012-06-15 14:15:09,003 - parser.Parser - DEBUG - input right now:play on &%%%%%& tuesday 'vsds ' from 4pm to 5pm 13th march 2012
2012-06-15 14:15:09,003 - parser.Parser - DEBUG - current dont parse string extracted: 'vsds '
2012-06-15 14:15:09,003 - parser.Parser - DEBUG - current temp replacement string: &%%%%%&
2012-06-15 14:15:09,013 - parser.Parser - DEBUG - input right now:play on &%%%%%& tuesday &%%%%%& from 4pm to 5pm 13th march 2012
2012-06-15 14:15:09,121 - parser.Parser - DEBUG - task details: play on &%%%%%& tuesday &%%%%%&
2012-06-15 14:15:09,122 - parser.Parser - DEBUG - startdate: 4:00 PM 13 Mar 2012
2012-06-15 14:15:09,122 - parser.Parser - DEBUG - enddate: 5:00 PM 13 Mar 2012
2012-06-15 14:22:43,805 - parser.Parser - DEBUG - task details: play on &%%%%%& tuesday &%%%%%&
2012-06-15 14:22:43,810 - parser.Parser - DEBUG - startdate: 4:00 PM 13 Mar 2012
2012-06-15 14:22:43,810 - parser.Parser - DEBUG - enddate: 5:00 PM 13 Mar 2012
2012-06-15 14:23:53,114 - parser.Parser - DEBUG - task details: play on &%%%%%& tuesday &%%%%%&
2012-06-15 14:23:53,119 - parser.Parser - DEBUG - startdate: 4:00 PM 13 Mar 2012
2012-06-15 14:23:53,119 - parser.Parser - DEBUG - enddate: 5:00 PM 13 Mar 2012
2012-06-15 14:25:28,711 - parser.Parser - DEBUG - task details: play on &%%%%%& tuesday &%%%%%&
2012-06-15 14:25:28,718 - parser.Parser - DEBUG - startdate: 4:00 PM 13 Mar 2012
2012-06-15 14:25:28,719 - parser.Parser - DEBUG - enddate: 5:00 PM 13 Mar 2012
2012-06-15 14:25:58,262 - parser.Parser - DEBUG - task details: play on &%%%%%& tuesday &%%%%%&
2012-06-15 14:25:58,268 - parser.Parser - DEBUG - startdate: 4:00 PM 13 Mar 2012
2012-06-15 14:25:58,268 - parser.Parser - DEBUG - enddate: 5:00 PM 13 Mar 2012
2012-06-15 14:26:47,759 - parser.Parser - DEBUG - array length: 2
2012-06-15 14:26:47,841 - parser.Parser - DEBUG - task details: play on &%%%%%& tuesday &%%%%%&
2012-06-15 14:26:47,841 - parser.Parser - DEBUG - startdate: 4:00 PM 13 Mar 2012
2012-06-15 14:26:47,841 - parser.Parser - DEBUG - enddate: 5:00 PM 13 Mar 2012
2012-06-15 14:27:08,205 - parser.Parser - DEBUG - array length: 2
2012-06-15 14:27:08,277 - parser.Parser - DEBUG - task details: play on &%%%%%& tuesday &%%%%%&
2012-06-15 14:27:08,277 - parser.Parser - DEBUG - startdate: 4:00 PM 13 Mar 2012
2012-06-15 14:27:08,277 - parser.Parser - DEBUG - enddate: 5:00 PM 13 Mar 2012
2012-06-15 14:29:07,959 - parser.Parser - DEBUG - array length: 2
2012-06-15 14:29:08,118 - parser.Parser - DEBUG - task details: play on afdfd tuesday vsds
2012-06-15 14:29:08,119 - parser.Parser - DEBUG - startdate: 4:00 PM 13 Mar 2012
2012-06-15 14:29:08,119 - parser.Parser - DEBUG - enddate: 5:00 PM 13 Mar 2012
2012-06-15 14:30:33,721 - parser.Parser - DEBUG - task details: play on tuesday vsds
2012-06-15 14:30:33,736 - parser.Parser - DEBUG - startdate: 4:00 PM 13 Mar 2012
2012-06-15 14:30:33,736 - parser.Parser - DEBUG - enddate: 5:00 PM 13 Mar 2012
2012-06-15 14:30:40,580 - parser.Parser - DEBUG - task details: play on tuesday
2012-06-15 14:30:40,587 - parser.Parser - DEBUG - startdate: 4:00 PM 13 Mar 2012
2012-06-15 14:30:40,588 - parser.Parser - DEBUG - enddate: 5:00 PM 13 Mar 2012
2012-06-15 15:53:01,717 - parser.Parser - DEBUG - task details: play on tuesday
2012-06-15 15:53:01,722 - parser.Parser - DEBUG - startdate: 4:00 PM 13 Mar 2012
2012-06-15 15:53:01,722 - parser.Parser - DEBUG - enddate: 5:00 PM 13 Mar 2012
